1658383343898	geckodriver	INFO	Listening on 127.0.0.1:52442
1658383344416	mozrunner::runner	INFO	Running command: "/Applications/Firefox.app/Contents/MacOS/firefox-bin" "--marionette" "--remote-debugging-port" "52443" "--remote-allow-hosts" "localhost" "-foreground" "-no-remote" "-profile" "/var/folders/zj/wlbp4_kx7vv35qh_4598jylc0000gn/T/rust_mozprofileAquX68"
1658383344995	Marionette	INFO	Marionette enabled
WebDriver BiDi listening on ws://localhost:52443
console.warn: SearchSettings: "get: No settings file exists, new profile?" (new NotFoundError("Could not open the file at /var/folders/zj/wlbp4_kx7vv35qh_4598jylc0000gn/T/rust_mozprofileAquX68/search.json.mozlz4", (void 0)))
console.error: BackgroundUpdate: 
  _reasonsToNotScheduleUpdates: Failed to check for Maintenance Service Registry Key: [Exception... "Component returned failure code: 0x80004001 (NS_ERROR_NOT_IMPLEMENTED) [nsIUpdateProcessor.getServiceRegKeyExists]"  nsresult: "0x80004001 (NS_ERROR_NOT_IMPLEMENTED)"  location: "JS frame :: resource://gre/modules/BackgroundUpdate.jsm :: _reasonsToNotScheduleUpdates :: line 241"  data: no]
1658383346387	Marionette	INFO	Listening on port 52472
DevTools listening on ws://localhost:52443/devtools/browser/01bb195e-ad26-4655-8934-f686ea413943
Read port: 52472
1658383346464	RemoteAgent	WARN	TLS certificate errors will be ignored for this session
JavaScript warning: https://deo.shopeemobile.com/shopee/shopee-pcmall-live-sg//assets/6645.dfdae60ea4cba4228413.js, line 1: WEBGL_debug_renderer_info is deprecated in Firefox and will be removed. Please use RENDERER.
JavaScript warning: , line 0: WebGL warning: linkProgram: Must have a compiled fragment shader attached: Missing shader.
JavaScript warning: , line 0: WebGL warning: uniform setter: No active linked Program.
JavaScript warning: , line 0: WebGL warning: drawArraysInstanced: The current program is not linked.
JavaScript warning: https://deo.shopeemobile.com/shopee/shopee-pcmall-live-sg//assets/db0f232d6248515605a4ab4db4344121.260237e94931a404bb12.js, line 1: WEBGL_debug_renderer_info is deprecated in Firefox and will be removed. Please use RENDERER.
JavaScript warning: https://deo.shopeemobile.com/shopee/shopee-pcmall-live-sg//assets/6645.dfdae60ea4cba4228413.js, line 1: WEBGL_debug_renderer_info is deprecated in Firefox and will be removed. Please use RENDERER.
JavaScript warning: , line 0: WebGL warning: linkProgram: Must have a compiled fragment shader attached: Missing shader.
JavaScript warning: , line 0: WebGL warning: uniform setter: No active linked Program.
JavaScript warning: , line 0: WebGL warning: drawArraysInstanced: The current program is not linked.
JavaScript warning: https://deo.shopeemobile.com/shopee/shopee-pcmall-live-sg//assets/db0f232d6248515605a4ab4db4344121.260237e94931a404bb12.js, line 1: WEBGL_debug_renderer_info is deprecated in Firefox and will be removed. Please use RENDERER.
JavaScript warning: https://deo.shopeemobile.com/shopee/shopee-pcmall-live-sg//assets/6645.dfdae60ea4cba4228413.js, line 1: WEBGL_debug_renderer_info is deprecated in Firefox and will be removed. Please use RENDERER.
JavaScript warning: , line 0: WebGL warning: linkProgram: Must have a compiled fragment shader attached: Missing shader.
JavaScript warning: , line 0: WebGL warning: uniform setter: No active linked Program.
JavaScript warning: , line 0: WebGL warning: drawArraysInstanced: The current program is not linked.
JavaScript warning: https://deo.shopeemobile.com/shopee/shopee-pcmall-live-sg//assets/db0f232d6248515605a4ab4db4344121.260237e94931a404bb12.js, line 1: WEBGL_debug_renderer_info is deprecated in Firefox and will be removed. Please use RENDERER.
JavaScript warning: https://deo.shopeemobile.com/shopee/shopee-pcmall-live-sg//assets/6645.dfdae60ea4cba4228413.js, line 1: WEBGL_debug_renderer_info is deprecated in Firefox and will be removed. Please use RENDERER.
JavaScript warning: , line 0: WebGL warning: linkProgram: Must have a compiled fragment shader attached: Missing shader.
JavaScript warning: , line 0: WebGL warning: uniform setter: No active linked Program.
JavaScript warning: , line 0: WebGL warning: drawArraysInstanced: The current program is not linked.
JavaScript warning: https://deo.shopeemobile.com/shopee/shopee-pcmall-live-sg//assets/db0f232d6248515605a4ab4db4344121.260237e94931a404bb12.js, line 1: WEBGL_debug_renderer_info is deprecated in Firefox and will be removed. Please use RENDERER.
JavaScript warning: https://deo.shopeemobile.com/shopee/shopee-pcmall-live-sg//assets/6645.dfdae60ea4cba4228413.js, line 1: WEBGL_debug_renderer_info is deprecated in Firefox and will be removed. Please use RENDERER.
JavaScript warning: , line 0: WebGL warning: linkProgram: Must have a compiled fragment shader attached: Missing shader.
JavaScript warning: , line 0: WebGL warning: uniform setter: No active linked Program.
JavaScript warning: , line 0: WebGL warning: drawArraysInstanced: The current program is not linked.
JavaScript warning: https://deo.shopeemobile.com/shopee/shopee-pcmall-live-sg//assets/db0f232d6248515605a4ab4db4344121.260237e94931a404bb12.js, line 1: WEBGL_debug_renderer_info is deprecated in Firefox and will be removed. Please use RENDERER.
1658383395960	Marionette	INFO	Stopped listening on port 52472

###!!! [Parent][PImageBridgeParent] Error: RunMessage(msgname=PImageBridge::Msg_WillClose) Channel closing: too late to send/recv, messages will be lost

